# JRE version: OpenJDK Runtime Environment (8.0_202) (build 1.8.0_202-release-1483-b49-5587405)
# Java VM: OpenJDK 64-Bit Server VM (25.202-b49-5587405 mixed mode linux-amd64 compressed oops)
Heap:
 PSYoungGen      total 456192K, used 346010K [0x00000000e0000000, 0x00000000ff980000, 0x0000000100000000)
  eden space 399872K, 81% used [0x00000000e0000000,0x00000000f3c90bd0,0x00000000f8680000)
  from space 56320K, 38% used [0x00000000fc280000,0x00000000fd7d5c98,0x00000000ff980000)
  to   space 58880K, 0% used [0x00000000f8680000,0x00000000f8680000,0x00000000fc000000)
 ParOldGen       total 218624K, used 105936K [0x00000000a0000000, 0x00000000ad580000, 0x00000000e0000000)
  object space 218624K, 48% used [0x00000000a0000000,0x00000000a6774278,0x00000000ad580000)
 Metaspace       used 180885K, capacity 192549K, committed 192600K, reserved 1216512K
  class space    used 22714K, capacity 24675K, committed 24704K, reserved 1048576K
GC Heap History (10 events):
Event: 11807,818 GC heap before
{Heap before GC invocations=49 (full 5):
 PSYoungGen      total 456704K, used 428944K [0x00000000e0000000, 0x0000000100000000, 0x0000000100000000)
  eden space 392192K, 100% used [0x00000000e0000000,0x00000000f7f00000,0x00000000f7f00000)
  from space 64512K, 56% used [0x00000000f7f00000,0x00000000fa2e4068,0x00000000fbe00000)
  to   space 64000K, 0% used [0x00000000fc180000,0x00000000fc180000,0x0000000100000000)
 ParOldGen       total 218624K, used 75113K [0x00000000a0000000, 0x00000000ad580000, 0x00000000e0000000)
  object space 218624K, 34% used [0x00000000a0000000,0x00000000a495a6b8,0x00000000ad580000)
 Metaspace       used 166454K, capacity 175511K, committed 176472K, reserved 1204224K
  class space    used 20835K, capacity 22415K, committed 22656K, reserved 1048576K
Event: 11807,870 GC heap after
Heap after GC invocations=49 (full 5):
 PSYoungGen      total 458240K, used 37661K [0x00000000e0000000, 0x00000000ffe80000, 0x0000000100000000)
  eden space 395776K, 0% used [0x00000000e0000000,0x00000000e0000000,0x00000000f8280000)
  from space 62464K, 60% used [0x00000000fc180000,0x00000000fe647638,0x00000000ffe80000)
  to   space 63488K, 0% used [0x00000000f8280000,0x00000000f8280000,0x00000000fc080000)
 ParOldGen       total 218624K, used 91611K [0x00000000a0000000, 0x00000000ad580000, 0x00000000e0000000)
  object space 218624K, 41% used [0x00000000a0000000,0x00000000a5976f78,0x00000000ad580000)
 Metaspace       used 166454K, capacity 175511K, committed 176472K, reserved 1204224K
  class space    used 20835K, capacity 22415K, committed 22656K, reserved 1048576K
}
Event: 11813,154 GC heap before
{Heap before GC invocations=50 (full 5):
 PSYoungGen      total 458240K, used 433437K [0x00000000e0000000, 0x00000000ffe80000, 0x0000000100000000)
  eden space 395776K, 100% used [0x00000000e0000000,0x00000000f8280000,0x00000000f8280000)
  from space 62464K, 60% used [0x00000000fc180000,0x00000000fe647638,0x00000000ffe80000)
  to   space 63488K, 0% used [0x00000000f8280000,0x00000000f8280000,0x00000000fc080000)
 ParOldGen       total 218624K, used 91611K [0x00000000a0000000, 0x00000000ad580000, 0x00000000e0000000)
  object space 218624K, 41% used [0x00000000a0000000,0x00000000a5976f78,0x00000000ad580000)
 Metaspace       used 175520K, capacity 185401K, committed 185816K, reserved 1210368K
  class space    used 22126K, capacity 23812K, committed 24064K, reserved 1048576K
Event: 11813,209 GC heap after
Heap after GC invocations=50 (full 5):
 PSYoungGen      total 459264K, used 16935K [0x00000000e0000000, 0x00000000fff00000, 0x0000000100000000)
  eden space 395776K, 0% used [0x00000000e0000000,0x00000000e0000000,0x00000000f8280000)
  from space 63488K, 26% used [0x00000000f8280000,0x00000000f9309eb0,0x00000000fc080000)
  to   space 62464K, 0% used [0x00000000fc200000,0x00000000fc200000,0x00000000fff00000)
 ParOldGen       total 218624K, used 102110K [0x00000000a0000000, 0x00000000ad580000, 0x00000000e0000000)
  object space 218624K, 46% used [0x00000000a0000000,0x00000000a63b7930,0x00000000ad580000)
 Metaspace       used 175520K, capacity 185401K, committed 185816K, reserved 1210368K
  class space    used 22126K, capacity 23812K, committed 24064K, reserved 1048576K
}
Event: 11817,415 GC heap before
{Heap before GC invocations=51 (full 5):
 PSYoungGen      total 459264K, used 412711K [0x00000000e0000000, 0x00000000fff00000, 0x0000000100000000)
  eden space 395776K, 100% used [0x00000000e0000000,0x00000000f8280000,0x00000000f8280000)
  from space 63488K, 26% used [0x00000000f8280000,0x00000000f9309eb0,0x00000000fc080000)
  to   space 62464K, 0% used [0x00000000fc200000,0x00000000fc200000,0x00000000fff00000)
 ParOldGen       total 218624K, used 102118K [0x00000000a0000000, 0x00000000ad580000, 0x00000000e0000000)
  object space 218624K, 46% used [0x00000000a0000000,0x00000000a63b9940,0x00000000ad580000)
 Metaspace       used 176908K, capacity 187027K, committed 187224K, reserved 1212416K
  class space    used 22276K, capacity 24007K, committed 24192K, reserved 1048576K
Event: 11817,425 GC heap after
Heap after GC invocations=51 (full 5):
 PSYoungGen      total 460800K, used 9046K [0x00000000e0000000, 0x00000000fff00000, 0x0000000100000000)
  eden space 398336K, 0% used [0x00000000e0000000,0x00000000e0000000,0x00000000f8500000)
  from space 62464K, 14% used [0x00000000fc200000,0x00000000fcad5af0,0x00000000fff00000)
  to   space 62464K, 0% used [0x00000000f8500000,0x00000000f8500000,0x00000000fc200000)
 ParOldGen       total 218624K, used 105524K [0x00000000a0000000, 0x00000000ad580000, 0x00000000e0000000)
  object space 218624K, 48% used [0x00000000a0000000,0x00000000a670d3c0,0x00000000ad580000)
 Metaspace       used 176908K, capacity 187027K, committed 187224K, reserved 1212416K
  class space    used 22276K, capacity 24007K, committed 24192K, reserved 1048576K
}
Event: 13233,023 GC heap before
{Heap before GC invocations=52 (full 5):
 PSYoungGen      total 460800K, used 407382K [0x00000000e0000000, 0x00000000fff00000, 0x0000000100000000)
  eden space 398336K, 100% used [0x00000000e0000000,0x00000000f8500000,0x00000000f8500000)
  from space 62464K, 14% used [0x00000000fc200000,0x00000000fcad5af0,0x00000000fff00000)
  to   space 62464K, 0% used [0x00000000f8500000,0x00000000f8500000,0x00000000fc200000)
 ParOldGen       total 218624K, used 105528K [0x00000000a0000000, 0x00000000ad580000, 0x00000000e0000000)
  object space 218624K, 48% used [0x00000000a0000000,0x00000000a670e228,0x00000000ad580000)
 Metaspace       used 179930K, capacity 191151K, committed 191448K, reserved 1216512K
  class space    used 22626K, capacity 24507K, committed 24576K, reserved 1048576K
Event: 13233,042 GC heap after
Heap after GC invocations=52 (full 5):
 PSYoungGen      total 460800K, used 9970K [0x00000000e0000000, 0x00000000fff00000, 0x0000000100000000)
  eden space 398336K, 0% used [0x00000000e0000000,0x00000000e0000000,0x00000000f8500000)
  from space 62464K, 15% used [0x00000000f8500000,0x00000000f8ebc8a0,0x00000000fc200000)
  to   space 61952K, 0% used [0x00000000fc280000,0x00000000fc280000,0x00000000fff00000)
 ParOldGen       total 218624K, used 105928K [0x00000000a0000000, 0x00000000ad580000, 0x00000000e0000000)
  object space 218624K, 48% used [0x00000000a0000000,0x00000000a6772278,0x00000000ad580000)
 Metaspace       used 179930K, capacity 191151K, committed 191448K, reserved 1216512K
  class space    used 22626K, capacity 24507K, committed 24576K, reserved 1048576K
}
Event: 13706,029 GC heap before
{Heap before GC invocations=53 (full 5):
 PSYoungGen      total 460800K, used 408306K [0x00000000e0000000, 0x00000000fff00000, 0x0000000100000000)
  eden space 398336K, 100% used [0x00000000e0000000,0x00000000f8500000,0x00000000f8500000)
  from space 62464K, 15% used [0x00000000f8500000,0x00000000f8ebc8a0,0x00000000fc200000)
  to   space 61952K, 0% used [0x00000000fc280000,0x00000000fc280000,0x00000000fff00000)
 ParOldGen       total 218624K, used 105928K [0x00000000a0000000, 0x00000000ad580000, 0x00000000e0000000)
  object space 218624K, 48% used [0x00000000a0000000,0x00000000a6772278,0x00000000ad580000)
 Metaspace       used 180605K, capacity 192277K, committed 192600K, reserved 1216512K
  class space    used 22704K, capacity 24635K, committed 24704K, reserved 1048576K
Event: 13706,056 GC heap after
Heap after GC invocations=53 (full 5):
 PSYoungGen      total 456192K, used 21847K [0x00000000e0000000, 0x00000000ff980000, 0x0000000100000000)
  eden space 399872K, 0% used [0x00000000e0000000,0x00000000e0000000,0x00000000f8680000)
  from space 56320K, 38% used [0x00000000fc280000,0x00000000fd7d5c98,0x00000000ff980000)
  to   space 58880K, 0% used [0x00000000f8680000,0x00000000f8680000,0x00000000fc000000)
 ParOldGen       total 218624K, used 105936K [0x00000000a0000000, 0x00000000ad580000, 0x00000000e0000000)
  object space 218624K, 48% used [0x00000000a0000000,0x00000000a6774278,0x00000000ad580000)
 Metaspace       used 180605K, capacity 192277K, committed 192600K, reserved 1216512K
  class space    used 22704K, capacity 24635K, committed 24704K, reserved 1048576K
}

